2021-05-17 19:44:09,395 [Worker-0: Loading available Gradle versions] INFO  o.e.b.c.i.u.g.PublishedGradleVersions - Gradle version information cache is not available. Remote download required.
2021-07-31 13:26:09,280 [Worker-0: Loading available Gradle versions] INFO  o.e.b.c.i.u.g.PublishedGradleVersions - Gradle version information cache is out-of-date. Trying to update.
2021-07-31 13:26:10,230 [Worker-0: Loading available Gradle versions] INFO  o.e.b.c.i.u.g.PublishedGradleVersions - Updating Gradle version information cache failed. Using outdated cache.
2021-07-31 13:41:03,528 [Worker-0: Loading available Gradle versions] INFO  o.e.b.c.i.u.g.PublishedGradleVersions - Gradle version information cache is out-of-date. Trying to update.
2021-07-31 13:41:04,687 [Worker-0: Loading available Gradle versions] INFO  o.e.b.c.i.u.g.PublishedGradleVersions - Updating Gradle version information cache failed. Using outdated cache.
2021-07-31 13:52:26,896 [Worker-0: Loading available Gradle versions] INFO  o.e.b.c.i.u.g.PublishedGradleVersions - Gradle version information cache is out-of-date. Trying to update.
2021-07-31 13:52:28,380 [Worker-0: Loading available Gradle versions] INFO  o.e.b.c.i.u.g.PublishedGradleVersions - Updating Gradle version information cache failed. Using outdated cache.
2021-09-01 21:32:23,176 [Worker-0: Loading available Gradle versions] INFO  o.e.b.c.i.u.g.PublishedGradleVersions - Gradle version information cache is out-of-date. Trying to update.
2021-09-01 21:32:47,376 [Worker-0: Loading available Gradle versions] INFO  o.e.b.c.i.u.g.PublishedGradleVersions - Updating Gradle version information cache failed. Using outdated cache.
2021-09-01 21:40:07,116 [Worker-0: Loading available Gradle versions] INFO  o.e.b.c.i.u.g.PublishedGradleVersions - Gradle version information cache is out-of-date. Trying to update.
2022-03-01 17:11:17,254 [Worker-7: Loading available Gradle versions] INFO  o.e.b.c.i.u.g.PublishedGradleVersions - Gradle version information cache is out-of-date. Trying to update.
2022-03-01 17:11:17,417 [Worker-7: Loading available Gradle versions] INFO  o.e.b.c.i.u.g.PublishedGradleVersions - Updating Gradle version information cache failed. Using outdated cache.
2022-03-01 17:26:26,489 [Worker-12: Loading available Gradle versions] INFO  o.e.b.c.i.u.g.PublishedGradleVersions - Gradle version information cache is out-of-date. Trying to update.
2022-03-01 17:26:26,801 [Worker-12: Loading available Gradle versions] INFO  o.e.b.c.i.u.g.PublishedGradleVersions - Updating Gradle version information cache failed. Using outdated cache.
2022-03-02 16:54:30,685 [Worker-6: Loading available Gradle versions] INFO  o.e.b.c.i.u.g.PublishedGradleVersions - Gradle version information cache is out-of-date. Trying to update.
2022-03-02 16:54:30,856 [Worker-6: Loading available Gradle versions] INFO  o.e.b.c.i.u.g.PublishedGradleVersions - Updating Gradle version information cache failed. Using outdated cache.
2022-03-02 17:31:11,946 [Worker-0: Loading available Gradle versions] INFO  o.e.b.c.i.u.g.PublishedGradleVersions - Gradle version information cache is out-of-date. Trying to update.
2022-03-02 17:45:34,357 [Worker-1: Loading available Gradle versions] INFO  o.e.b.c.i.u.g.PublishedGradleVersions - Gradle version information cache is up-to-date. Trying to read.
2022-03-02 21:09:00,355 [Worker-3: Loading available Gradle versions] INFO  o.e.b.c.i.u.g.PublishedGradleVersions - Gradle version information cache is up-to-date. Trying to read.
2022-03-03 09:50:27,983 [Worker-1: Loading available Gradle versions] INFO  o.e.b.c.i.u.g.PublishedGradleVersions - Gradle version information cache is up-to-date. Trying to read.
2022-03-03 10:33:37,765 [Worker-0: Loading available Gradle versions] INFO  o.e.b.c.i.u.g.PublishedGradleVersions - Gradle version information cache is up-to-date. Trying to read.
2022-03-03 11:06:27,547 [Worker-3: Loading available Gradle versions] INFO  o.e.b.c.i.u.g.PublishedGradleVersions - Gradle version information cache is up-to-date. Trying to read.
2022-03-03 11:09:13,054 [Start Help Server] INFO  org.eclipse.jetty.util.log - Logging initialized @534012ms to org.eclipse.jetty.util.log.Slf4jLog
2022-03-03 11:09:13,258 [Start Help Server] INFO  org.eclipse.jetty.server.Server - jetty-9.4.37.v20210219; built: 2021-02-23T06:49:41.320Z; git: 27afab2bd37780d179836e313e0fe11bc4fa0ce9; jvm 15.0.2+7-27
2022-03-03 11:09:13,291 [Start Help Server] INFO  org.eclipse.jetty.server.session - DefaultSessionIdManager workerName=node0
2022-03-03 11:09:13,292 [Start Help Server] INFO  org.eclipse.jetty.server.session - No SessionScavenger set, using defaults
2022-03-03 11:09:13,295 [Start Help Server] INFO  org.eclipse.jetty.server.session - node0 Scavenging every 600000ms
2022-03-03 11:09:13,358 [Start Help Server] INFO  o.e.j.server.handler.ContextHandler - Started o.e.j.s.ServletContextHandler@2fe52848{/help,null,AVAILABLE}
2022-03-03 11:09:13,404 [Start Help Server] INFO  o.e.jetty.server.AbstractConnector - Started ServerConnector@7b97b0ec{HTTP/1.1, (http/1.1)}{127.0.0.1:61955}
2022-03-03 11:09:13,406 [Start Help Server] INFO  org.eclipse.jetty.server.Server - Started @534367ms
2022-03-03 11:09:13,407 [Start Help Server] INFO  org.eclipse.jetty.server.session - node0 Scavenging every 660000ms
2022-03-03 11:09:39,111 [Stop Help Server] INFO  o.e.jetty.server.AbstractConnector - Stopped ServerConnector@7b97b0ec{HTTP/1.1, (http/1.1)}{127.0.0.1:0}
2022-03-03 11:09:39,113 [Stop Help Server] INFO  org.eclipse.jetty.server.session - node0 Stopped scavenging
2022-03-03 11:09:39,131 [Stop Help Server] INFO  o.e.j.server.handler.ContextHandler - Stopped o.e.j.s.ServletContextHandler@2fe52848{/help,null,STOPPED}
2022-03-03 11:10:01,584 [Start Help Server] INFO  org.eclipse.jetty.util.log - Logging initialized @20911ms to org.eclipse.jetty.util.log.Slf4jLog
2022-03-03 11:10:01,768 [Start Help Server] INFO  org.eclipse.jetty.server.Server - jetty-9.4.37.v20210219; built: 2021-02-23T06:49:41.320Z; git: 27afab2bd37780d179836e313e0fe11bc4fa0ce9; jvm 15.0.2+7-27
2022-03-03 11:10:01,800 [Start Help Server] INFO  org.eclipse.jetty.server.session - DefaultSessionIdManager workerName=node0
2022-03-03 11:10:01,800 [Start Help Server] INFO  org.eclipse.jetty.server.session - No SessionScavenger set, using defaults
2022-03-03 11:10:01,808 [Start Help Server] INFO  org.eclipse.jetty.server.session - node0 Scavenging every 660000ms
2022-03-03 11:10:01,872 [Start Help Server] INFO  o.e.j.server.handler.ContextHandler - Started o.e.j.s.ServletContextHandler@7c9f26ca{/help,null,AVAILABLE}
2022-03-03 11:10:01,912 [Start Help Server] INFO  o.e.jetty.server.AbstractConnector - Started ServerConnector@4c4bd54a{HTTP/1.1, (http/1.1)}{127.0.0.1:61966}
2022-03-03 11:10:01,912 [Start Help Server] INFO  org.eclipse.jetty.server.Server - Started @21244ms
2022-03-03 11:10:01,912 [Start Help Server] INFO  org.eclipse.jetty.server.session - node0 Scavenging every 726000ms
2022-03-03 11:38:44,014 [Stop Help Server] INFO  o.e.jetty.server.AbstractConnector - Stopped ServerConnector@4c4bd54a{HTTP/1.1, (http/1.1)}{127.0.0.1:0}
2022-03-03 11:38:44,015 [Stop Help Server] INFO  org.eclipse.jetty.server.session - node0 Stopped scavenging
2022-03-03 11:38:44,028 [Stop Help Server] INFO  o.e.j.server.handler.ContextHandler - Stopped o.e.j.s.ServletContextHandler@7c9f26ca{/help,null,STOPPED}
2022-03-03 12:17:35,100 [Worker-12: Loading available Gradle versions] INFO  o.e.b.c.i.u.g.PublishedGradleVersions - Gradle version information cache is up-to-date. Trying to read.
2022-03-04 15:29:19,615 [Worker-0: Loading available Gradle versions] INFO  o.e.b.c.i.u.g.PublishedGradleVersions - Gradle version information cache is out-of-date. Trying to update.
2022-03-04 15:29:43,244 [Worker-0: Loading available Gradle versions] INFO  o.e.b.c.i.u.g.PublishedGradleVersions - Updating Gradle version information cache failed. Using outdated cache.
2022-03-07 11:52:48,049 [Worker-6: Loading available Gradle versions] INFO  o.e.b.c.i.u.g.PublishedGradleVersions - Gradle version information cache is out-of-date. Trying to update.
